<?xml version="1.0" encoding="UTF-8"?>
<!-- Generated by org.testng.reporters.JUnitReportReporter -->
<testsuite hostname="AkkiHP" failures="0" tests="3" name="TestCases.InventoryPageTest1" time="23.033" errors="0" timestamp="2022-10-19T14:43:18 IST" skipped="0">
  <testcase classname="TestCases.InventoryPageTest1" name="add6ProductTest" time="7.123"/>
  <system-out/>
  <testcase classname="TestCases.InventoryPageTest1" name="verifySmallLogoTest" time="5.540"/>
  <system-out/>
  <testcase classname="TestCases.InventoryPageTest1" name="verifyBigLogoTest" time="10.370"/>
  <system-out/>
</testsuite> <!-- TestCases.InventoryPageTest1 -->
