<?xml version="1.0" encoding="UTF-8"?>
<!-- Generated by org.testng.reporters.JUnitReportReporter -->
<testsuite hostname="AkkiHP" failures="0" tests="3" name="TestCases.InventoryPageTest" time="10.383" errors="0" timestamp="2022-10-16T22:44:20 IST" skipped="2">
  <testcase classname="TestCases.InventoryPageTest" name="add6ProductTest" time="10.383"/>
  <system-out/>
  <testcase classname="TestCases.InventoryPageTest" name="verifyBigLogoTest">
    <skipped/>
  </testcase> <!-- verifyBigLogoTest -->
  <system-out/>
  <testcase classname="TestCases.InventoryPageTest" name="verifySmallLogoTest">
    <skipped/>
  </testcase> <!-- verifySmallLogoTest -->
  <system-out/>
</testsuite> <!-- TestCases.InventoryPageTest -->
